{'accumulate_grad_batches': 1,
 'amp_backend': 'native',
 'amp_level': 'O2',
 'auto_lr_find': False,
 'auto_scale_batch_size': False,
 'auto_select_gpus': False,
 'batch_size': 32,
 'benchmark': False,
 'check_val_every_n_epoch': 1,
 'checkpoint_callback': True,
 'data_path': './data/ConceptNet/test.jsonl',
 'default_root_dir': None,
 'deterministic': False,
 'device': 'cuda:3',
 'distributed_backend': None,
 'early_stop_callback': False,
 'fast_dev_run': False,
 'gpus': <function Trainer._gpus_arg_default at 0x7ff7042cd0e0>,
 'gradient_clip_val': 0,
 'limit_test_batches': 1.0,
 'limit_train_batches': 1.0,
 'limit_val_batches': 1.0,
 'log_gpu_memory': None,
 'log_save_interval': 100,
 'logger': True,
 'lr': 2e-05,
 'max_epochs': 4,
 'max_length': 20,
 'max_steps': None,
 'min_epochs': 1,
 'min_steps': None,
 'model_name': 'bert-base-cased',
 'num_nodes': 1,
 'num_processes': 1,
 'num_sanity_val_steps': 2,
 'overfit_batches': 0.0,
 'overfit_pct': None,
 'precision': 32,
 'prepare_data_per_node': True,
 'process_position': 0,
 'profiler': None,
 'progress_bar_refresh_rate': 1,
 'reload_dataloaders_every_epoch': False,
 'replace_sampler_ddp': True,
 'resume_from_checkpoint': None,
 'row_log_interval': 50,
 'seed': 100,
 'sync_batchnorm': False,
 'temperature': 0.1,
 'terminate_on_nan': False,
 'test': False,
 'test_percent_check': None,
 'tpu_cores': <function Trainer._gpus_arg_default at 0x7ff7042cd0e0>,
 'track_grad_norm': -1,
 'train_percent_check': None,
 'truncated_bptt_steps': None,
 'val_check_interval': 1.0,
 'val_percent_check': None,
 'warmup': 0.2,
 'weights_save_path': None,
 'weights_summary': 'top'}
None
tensor([[-7.3150e-05, -3.7085e-07,  2.3440e-05,  ...,  4.0462e-05,
          4.3371e-06, -0.0000e+00],
        [-9.7451e-14, -0.0000e+00,  2.0951e-11,  ...,  4.1589e-10,
          0.0000e+00, -0.0000e+00],
        [ 3.1516e-15,  5.3932e-16, -6.5226e-10,  ...,  3.9344e-09,
         -2.9376e-11,  5.8442e-10],
        ...,
        [-1.0814e-10,  4.4628e-15, -0.0000e+00,  ..., -0.0000e+00,
         -5.4967e-10, -7.4282e-11],
        [ 1.3700e-23,  7.4177e-08,  9.7937e-05,  ..., -4.2601e-09,
         -5.1181e-09, -1.6084e-10],
        [-2.6295e-11, -5.4487e-10, -2.6089e-07,  ...,  2.6032e-10,
         -9.6188e-05, -0.0000e+00]])
